#
# A fatal error has been detected by the Java Runtime Environment:
#
#  EXCEPTION_ACCESS_VIOLATION (0xc0000005) at pc=0x74c0caf3, pid=1968, tid=0x000000b0
#
# JRE version: Java(TM) SE Runtime Environment (8.0_144-b01) (build 1.8.0_144-b01)
# Java VM: Java HotSpot(TM) Client VM (25.144-b01 mixed mode windows-x86 )
# Problematic frame:
# V  [jvm.dll+0x15caf3]
#
# Failed to write core dump. Minidumps are not enabled by default on client versions of Windows
#
# If you would like to submit a bug report, please visit:
#   http://bugreport.java.com/bugreport/crash.jsp
#

---------------  T H R E A D  ---------------

Current thread (0x14cbb000):  JavaThread "JDWP Transport Listener: dt_shmem" daemon [_thread_in_vm, id=176, stack(0x15140000,0x15190000)]

siginfo: ExceptionCode=0xc0000005, reading address 0x0000013c

Registers:
EAX=0x00000100, EBX=0x00000100, ECX=0x00000000, EDX=0x161c2f98
ESP=0x1518f220, EBP=0x1518f23c, ESI=0x161c2f98, EDI=0x00000001
EIP=0x74c0caf3, EFLAGS=0x00010206

Top of Stack: (sp=0x1518f220)
0x1518f220:   00000000 161c2f98 16177c00 161c2f98
0x1518f230:   00000000 00000001 00000100 1518f268
0x1518f240:   74c0cd96 00000000 74bc2019 00000005
0x1518f250:   16177c00 0000000a 74bc385e 14c70a28
0x1518f260:   021f7160 14cbb000 1518f294 74cd1ddf
0x1518f270:   14c70a28 1518f2d8 00000000 1518f2d8
0x1518f280:   14cbb000 00000000 00000000 00000000
0x1518f290:   14cbb000 1518f2dc 730457ae 021f7160 

Instructions: (pc=0x74c0caf3)
0x74c0cad3:   8b 06 a9 fe ff ff ff 74 43 a8 01 0f 84 2f ff ff
0x74c0cae3:   ff 5b 5f 5e 8b e5 5d c2 04 00 83 e3 fe 89 5e 08
0x74c0caf3:   8b 43 3c 89 46 08 89 5e 0c 39 3d 68 80 e3 74 75
0x74c0cb03:   09 80 3d 81 78 e3 74 00 74 05 f0 83 04 24 00 8b 


Register to memory mapping:

EAX=0x00000100 is an unknown value
EBX=0x00000100 is an unknown value
ECX=0x00000000 is an unknown value
EDX=0x161c2f98 is an unknown value
ESP=0x1518f220 is pointing into the stack for thread: 0x14cbb000
EBP=0x1518f23c is pointing into the stack for thread: 0x14cbb000
ESI=0x161c2f98 is an unknown value
EDI=0x00000001 is an unknown value


Stack: [0x15140000,0x15190000],  sp=0x1518f220,  free space=316k
Native frames: (J=compiled Java code, j=interpreted, Vv=VM code, C=native code)
V  [jvm.dll+0x15caf3]
V  [jvm.dll+0x15cd96]
V  [jvm.dll+0x221ddf]
C  [jdwp.dll+0x157ae]
C  [jdwp.dll+0x6914]
C  [jdwp.dll+0xbdc0]
C  0x00000000


---------------  P R O C E S S  ---------------

Java Threads: ( => current thread )
  0x16177800 JavaThread "main" [_thread_blocked, id=1104, stack(0x17ff0000,0x18040000)]
  0x16177000 JavaThread "TimerQueue" daemon [_thread_blocked, id=4680, stack(0x1a0b0000,0x1a100000)]
  0x16176800 JavaThread "QuantumRenderer-0" daemon [_thread_blocked, id=1120, stack(0x184c0000,0x18510000)]
  0x16175c00 JavaThread "D3D Screen Updater" daemon [_thread_blocked, id=4856, stack(0x19530000,0x19580000)]
  0x16121400 JavaThread "Swing-Shell" daemon [_thread_blocked, id=4476, stack(0x165c0000,0x16610000)]
  0x021fbc00 JavaThread "DestroyJavaVM" [_thread_blocked, id=4816, stack(0x02200000,0x02250000)]
  0x14e4d000 JavaThread "BlueJ worker thread" [_thread_blocked, id=4880, stack(0x159e0000,0x15a30000)]
  0x14e39400 JavaThread "AWT-Windows" daemon [_thread_in_native, id=844, stack(0x155d0000,0x15620000)]
  0x14e35400 JavaThread "Java2D Disposer" daemon [_thread_blocked, id=3632, stack(0x15690000,0x156e0000)]
  0x14ce6400 JavaThread "Service Thread" daemon [_thread_blocked, id=2172, stack(0x156f0000,0x15740000)]
  0x14cc7800 JavaThread "C1 CompilerThread0" daemon [_thread_blocked, id=4496, stack(0x15640000,0x15690000)]
  0x14cc1400 JavaThread "JDWP Command Reader" daemon [_thread_in_native, id=3676, stack(0x154b0000,0x15500000)]
  0x14cbf000 JavaThread "JDWP Event Helper Thread" daemon [_thread_blocked, id=4516, stack(0x15500000,0x15550000)]
=>0x14cbb000 JavaThread "JDWP Transport Listener: dt_shmem" daemon [_thread_in_vm, id=176, stack(0x15140000,0x15190000)]
  0x14caf400 JavaThread "Attach Listener" daemon [_thread_blocked, id=1940, stack(0x152e0000,0x15330000)]
  0x14cac400 JavaThread "Signal Dispatcher" daemon [_thread_blocked, id=4488, stack(0x151d0000,0x15220000)]
  0x14c99000 JavaThread "Finalizer" daemon [_thread_blocked, id=4964, stack(0x14ee0000,0x14f30000)]
  0x14c73000 JavaThread "Reference Handler" daemon [_thread_blocked, id=5032, stack(0x04790000,0x047e0000)]

Other Threads:
  0x14c6c000 VMThread [stack: 0x04690000,0x046e0000] [id=4120]
  0x14ceac00 WatcherThread [stack: 0x158a0000,0x158f0000] [id=3276]

VM state:not at safepoint (normal execution)

VM Mutex/Monitor currently owned by a thread: None

Heap:
 def new generation   total 4992K, used 3610K [0x04800000, 0x04d60000, 0x09d50000)
  eden space 4480K,  80% used [0x04800000, 0x04b82840, 0x04c60000)
  from space 512K,   3% used [0x04ce0000, 0x04ce4298, 0x04d60000)
  to   space 512K,   0% used [0x04c60000, 0x04c60000, 0x04ce0000)
 tenured generation   total 10944K, used 6457K [0x09d50000, 0x0a800000, 0x14800000)
   the space 10944K,  59% used [0x09d50000, 0x0a39e6c8, 0x0a39e800, 0x0a800000)
 Metaspace       used 9185K, capacity 9518K, committed 9600K, reserved 9600K

Card table byte_map: [0x01c30000,0x01cc0000] byte_map_base: 0x01c0c000

Polling page: 0x00220000

CodeCache: size=32768Kb used=2621Kb max_used=2629Kb free=30146Kb
 bounds [0x02610000, 0x028b0000, 0x04610000]
 total_blobs=1472 nmethods=1222 adapters=186
 compilation: enabled

Compilation events (10 events):
Event: 3199.844 Thread 0x14cc7800 2230  s          java.util.Vector::addElement (38 bytes)
Event: 3199.845 Thread 0x14cc7800 nmethod 2230 0x0279c908 code [0x0279ca20, 0x0279ccac]
Event: 3204.671 Thread 0x14cc7800 2231   !         java.util.concurrent.ConcurrentHashMap::transfer (832 bytes)
Event: 3204.684 Thread 0x14cc7800 nmethod 2231 0x02799e08 code [0x02799fe0, 0x0279b118]
Event: 3204.788 Thread 0x14cc7800 2232 %           BabyBirths::yearOfHighestRank @ 150 (247 bytes)
Event: 3204.796 Thread 0x14cc7800 nmethod 2232% 0x028a8688 code [0x028a88e0, 0x028a92f4]
Event: 3207.608 Thread 0x14cc7800 2233             BabyBirths::getRank (139 bytes)
Event: 3207.612 Thread 0x14cc7800 nmethod 2233 0x02798dc8 code [0x02798f90, 0x02799460]
Event: 3428.755 Thread 0x14cc7800 2234             java.lang.String::hashCode (55 bytes)
Event: 3428.756 Thread 0x14cc7800 nmethod 2234 0x02874c48 code [0x02874d40, 0x02874e10]

GC Heap History (10 events):
Event: 3214.115 GC heap before
{Heap before GC invocations=1010 (full 38):
 def new generation   total 4992K, used 4480K [0x04800000, 0x04d60000, 0x09d50000)
  eden space 4480K, 100% used [0x04800000, 0x04c60000, 0x04c60000)
  from space 512K,   0% used [0x04c60000, 0x04c60000, 0x04ce0000)
  to   space 512K,   0% used [0x04ce0000, 0x04ce0000, 0x04d60000)
 tenured generation   total 10944K, used 2592K [0x09d50000, 0x0a800000, 0x14800000)
   the space 10944K,  23% used [0x09d50000, 0x09fd80b0, 0x09fd8200, 0x0a800000)
 Metaspace       used 9178K, capacity 9510K, committed 9600K, reserved 9600K
Event: 3214.118 GC heap after
Heap after GC invocations=1011 (full 38):
 def new generation   total 4992K, used 0K [0x04800000, 0x04d60000, 0x09d50000)
  eden space 4480K,   0% used [0x04800000, 0x04800000, 0x04c60000)
  from space 512K,   0% used [0x04ce0000, 0x04ce0030, 0x04d60000)
  to   space 512K,   0% used [0x04c60000, 0x04c60000, 0x04ce0000)
 tenured generation   total 10944K, used 3744K [0x09d50000, 0x0a800000, 0x14800000)
   the space 10944K,  34% used [0x09d50000, 0x0a0f80b8, 0x0a0f8200, 0x0a800000)
 Metaspace       used 9178K, capacity 9510K, committed 9600K, reserved 9600K
}
Event: 3214.182 GC heap before
{Heap before GC invocations=1011 (full 38):
 def new generation   total 4992K, used 4480K [0x04800000, 0x04d60000, 0x09d50000)
  eden space 4480K, 100% used [0x04800000, 0x04c60000, 0x04c60000)
  from space 512K,   0% used [0x04ce0000, 0x04ce0030, 0x04d60000)
  to   space 512K,   0% used [0x04c60000, 0x04c60000, 0x04ce0000)
 tenured generation   total 10944K, used 3744K [0x09d50000, 0x0a800000, 0x14800000)
   the space 10944K,  34% used [0x09d50000, 0x0a0f80b8, 0x0a0f8200, 0x0a800000)
 Metaspace       used 9178K, capacity 9510K, committed 9600K, reserved 9600K
Event: 3214.185 GC heap after
Heap after GC invocations=1012 (full 38):
 def new generation   total 4992K, used 16K [0x04800000, 0x04d60000, 0x09d50000)
  eden space 4480K,   0% used [0x04800000, 0x04800000, 0x04c60000)
  from space 512K,   3% used [0x04c60000, 0x04c642b0, 0x04ce0000)
  to   space 512K,   0% used [0x04ce0000, 0x04ce0000, 0x04d60000)
 tenured generation   total 10944K, used 4514K [0x09d50000, 0x0a800000, 0x14800000)
   the space 10944K,  41% used [0x09d50000, 0x0a1b8b18, 0x0a1b8c00, 0x0a800000)
 Metaspace       used 9178K, capacity 9510K, committed 9600K, reserved 9600K
}
Event: 3214.230 GC heap before
{Heap before GC invocations=1012 (full 38):
 def new generation   total 4992K, used 4496K [0x04800000, 0x04d60000, 0x09d50000)
  eden space 4480K, 100% used [0x04800000, 0x04c60000, 0x04c60000)
  from space 512K,   3% used [0x04c60000, 0x04c642b0, 0x04ce0000)
  to   space 512K,   0% used [0x04ce0000, 0x04ce0000, 0x04d60000)
 tenured generation   total 10944K, used 4514K [0x09d50000, 0x0a800000, 0x14800000)
   the space 10944K,  41% used [0x09d50000, 0x0a1b8b18, 0x0a1b8c00, 0x0a800000)
 Metaspace       used 9178K, capacity 9510K, committed 9600K, reserved 9600K
Event: 3214.233 GC heap after
Heap after GC invocations=1013 (full 38):
 def new generation   total 4992K, used 312K [0x04800000, 0x04d60000, 0x09d50000)
  eden space 4480K,   0% used [0x04800000, 0x04800000, 0x04c60000)
  from space 512K,  61% used [0x04ce0000, 0x04d2e1e8, 0x04d60000)
  to   space 512K,   0% used [0x04c60000, 0x04c60000, 0x04ce0000)
 tenured generation   total 10944K, used 4514K [0x09d50000, 0x0a800000, 0x14800000)
   the space 10944K,  41% used [0x09d50000, 0x0a1b8b18, 0x0a1b8c00, 0x0a800000)
 Metaspace       used 9178K, capacity 9510K, committed 9600K, reserved 9600K
}
Event: 3214.255 GC heap before
{Heap before GC invocations=1013 (full 38):
 def new generation   total 4992K, used 4792K [0x04800000, 0x04d60000, 0x09d50000)
  eden space 4480K, 100% used [0x04800000, 0x04c60000, 0x04c60000)
  from space 512K,  61% used [0x04ce0000, 0x04d2e1e8, 0x04d60000)
  to   space 512K,   0% used [0x04c60000, 0x04c60000, 0x04ce0000)
 tenured generation   total 10944K, used 4514K [0x09d50000, 0x0a800000, 0x14800000)
   the space 10944K,  41% used [0x09d50000, 0x0a1b8b18, 0x0a1b8c00, 0x0a800000)
 Metaspace       used 9178K, capacity 9510K, committed 9600K, reserved 9600K
Event: 3214.258 GC heap after
Heap after GC invocations=1014 (full 38):
 def new generation   total 4992K, used 0K [0x04800000, 0x04d60000, 0x09d50000)
  eden space 4480K,   0% used [0x04800000, 0x04800000, 0x04c60000)
  from space 512K,   0% used [0x04c60000, 0x04c600a0, 0x04ce0000)
  to   space 512K,   0% used [0x04ce0000, 0x04ce0000, 0x04d60000)
 tenured generation   total 10944K, used 5691K [0x09d50000, 0x0a800000, 0x14800000)
   the space 10944K,  52% used [0x09d50000, 0x0a2decc8, 0x0a2dee00, 0x0a800000)
 Metaspace       used 9178K, capacity 9510K, committed 9600K, reserved 9600K
}
Event: 3214.310 GC heap before
{Heap before GC invocations=1014 (full 38):
 def new generation   total 4992K, used 4480K [0x04800000, 0x04d60000, 0x09d50000)
  eden space 4480K, 100% used [0x04800000, 0x04c60000, 0x04c60000)
  from space 512K,   0% used [0x04c60000, 0x04c600a0, 0x04ce0000)
  to   space 512K,   0% used [0x04ce0000, 0x04ce0000, 0x04d60000)
 tenured generation   total 10944K, used 5691K [0x09d50000, 0x0a800000, 0x14800000)
   the space 10944K,  52% used [0x09d50000, 0x0a2decc8, 0x0a2dee00, 0x0a800000)
 Metaspace       used 9178K, capacity 9510K, committed 9600K, reserved 9600K
Event: 3214.313 GC heap after
Heap after GC invocations=1015 (full 38):
 def new generation   total 4992K, used 16K [0x04800000, 0x04d60000, 0x09d50000)
  eden space 4480K,   0% used [0x04800000, 0x04800000, 0x04c60000)
  from space 512K,   3% used [0x04ce0000, 0x04ce4298, 0x04d60000)
  to   space 512K,   0% used [0x04c60000, 0x04c60000, 0x04ce0000)
 tenured generation   total 10944K, used 6457K [0x09d50000, 0x0a800000, 0x14800000)
   the space 10944K,  59% used [0x09d50000, 0x0a39e6c8, 0x0a39e800, 0x0a800000)
 Metaspace       used 9178K, capacity 9510K, committed 9600K, reserved 9600K
}

Deoptimization events (0 events):
No events

Internal exceptions (10 events):
Event: 0.167 Thread 0x021fbc00 Exception <a 'java/lang/NoSuchMethodError': Method sun.misc.Unsafe.defineClass(Ljava/lang/String;[BII)Ljava/lang/Class; name or signature does not match> (0x04806e98) thrown at [C:\workspace\8-2-build-windows-i586-cygwin\jdk8u144\9417\hotspot\src\share\vm
Event: 0.167 Thread 0x021fbc00 Exception <a 'java/lang/NoSuchMethodError': Method sun.misc.Unsafe.prefetchRead(Ljava/lang/Object;J)V name or signature does not match> (0x04807168) thrown at [C:\workspace\8-2-build-windows-i586-cygwin\jdk8u144\9417\hotspot\src\share\vm\prims\jni.cpp, li
Event: 1.465 Thread 0x021fbc00 Exception <a 'java/security/PrivilegedActionException'> (0x048d8c98) thrown at [C:\workspace\8-2-build-windows-i586-cygwin\jdk8u144\9417\hotspot\src\share\vm\prims\jvm.cpp, line 1390]
Event: 1.465 Thread 0x021fbc00 Exception <a 'java/security/PrivilegedActionException'> (0x048d8e98) thrown at [C:\workspace\8-2-build-windows-i586-cygwin\jdk8u144\9417\hotspot\src\share\vm\prims\jvm.cpp, line 1390]
Event: 1.468 Thread 0x021fbc00 Exception <a 'java/security/PrivilegedActionException'> (0x048daab0) thrown at [C:\workspace\8-2-build-windows-i586-cygwin\jdk8u144\9417\hotspot\src\share\vm\prims\jvm.cpp, line 1390]
Event: 1.468 Thread 0x021fbc00 Exception <a 'java/security/PrivilegedActionException'> (0x048dacb0) thrown at [C:\workspace\8-2-build-windows-i586-cygwin\jdk8u144\9417\hotspot\src\share\vm\prims\jvm.cpp, line 1390]
Event: 1.483 Thread 0x021fbc00 Exception <a 'java/io/FileNotFoundException'> (0x048dd440) thrown at [C:\workspace\8-2-build-windows-i586-cygwin\jdk8u144\9417\hotspot\src\share\vm\prims\jni.cpp, line 709]
Event: 1.711 Thread 0x021fbc00 Exception <a 'java/lang/NoSuchFieldError': method resolution failed> (0x04997d08) thrown at [C:\workspace\8-2-build-windows-i586-cygwin\jdk8u144\9417\hotspot\src\share\vm\prims\methodHandles.cpp, line 1146]
Event: 1.721 Thread 0x021fbc00 Exception <a 'java/lang/NoSuchFieldError': method resolution failed> (0x049a3ea8) thrown at [C:\workspace\8-2-build-windows-i586-cygwin\jdk8u144\9417\hotspot\src\share\vm\prims\methodHandles.cpp, line 1146]
Event: 7.162 Thread 0x14e36400 Exception <a 'java/io/FileNotFoundException'> (0x04b1f9c8) thrown at [C:\workspace\8-2-build-windows-i586-cygwin\jdk8u144\9417\hotspot\src\share\vm\prims\jni.cpp, line 709]

Events (10 events):
Event: 3428.751 loading class BabyBirths
Event: 3428.751 loading class BabyBirths done
Event: 3428.751 Executing VM operation: RevokeBias
Event: 3428.751 Executing VM operation: RevokeBias done
Event: 3428.765 Executing VM operation: RevokeBias
Event: 3428.765 Executing VM operation: RevokeBias done
Event: 3428.773 Thread 0x16177800 Thread added: 0x16177800
Event: 3428.774 Executing VM operation: RevokeBias
Event: 3428.775 Executing VM operation: RevokeBias done
Event: 3428.776 Thread 0x16177c00 Thread exited: 0x16177c00


Dynamic libraries:
0x001a0000 - 0x001d3000 	D:\jdk\jre\bin\java.exe
0x77cc0000 - 0x77e40000 	C:\Windows\SysWOW64\ntdll.dll
0x76fb0000 - 0x770c0000 	C:\Windows\syswow64\kernel32.dll
0x77150000 - 0x77197000 	C:\Windows\syswow64\KERNELBASE.dll
0x77610000 - 0x776b1000 	C:\Windows\syswow64\ADVAPI32.dll
0x75870000 - 0x7591c000 	C:\Windows\syswow64\msvcrt.dll
0x774e0000 - 0x774f9000 	C:\Windows\SysWOW64\sechost.dll
0x77510000 - 0x77600000 	C:\Windows\syswow64\RPCRT4.dll
0x75560000 - 0x755c0000 	C:\Windows\syswow64\SspiCli.dll
0x75550000 - 0x7555c000 	C:\Windows\syswow64\CRYPTBASE.dll
0x76eb0000 - 0x76fb0000 	C:\Windows\syswow64\USER32.dll
0x770c0000 - 0x77150000 	C:\Windows\syswow64\GDI32.dll
0x774d0000 - 0x774da000 	C:\Windows\syswow64\LPK.dll
0x76c50000 - 0x76ced000 	C:\Windows\syswow64\USP10.dll
0x73410000 - 0x735ae000 	C:\Windows\WinSxS\x86_microsoft.windows.common-controls_6595b64144ccf1df_6.0.7601.18837_none_41e855142bd5705d\COMCTL32.dll
0x76d80000 - 0x76dd7000 	C:\Windows\syswow64\SHLWAPI.dll
0x771a0000 - 0x77200000 	C:\Windows\system32\IMM32.DLL
0x76de0000 - 0x76ead000 	C:\Windows\syswow64\MSCTF.dll
0x75350000 - 0x7540f000 	D:\jdk\jre\bin\msvcr100.dll
0x74ab0000 - 0x74e7e000 	D:\jdk\jre\bin\client\jvm.dll
0x75520000 - 0x75527000 	C:\Windows\system32\WSOCK32.dll
0x75ad0000 - 0x75b05000 	C:\Windows\syswow64\WS2_32.dll
0x76b80000 - 0x76b86000 	C:\Windows\syswow64\NSI.dll
0x754e0000 - 0x75512000 	C:\Windows\system32\WINMM.dll
0x73d30000 - 0x73d39000 	C:\Windows\system32\VERSION.dll
0x77500000 - 0x77505000 	C:\Windows\syswow64\PSAPI.DLL
0x754d0000 - 0x754dc000 	D:\jdk\jre\bin\verify.dll
0x754a0000 - 0x754c1000 	D:\jdk\jre\bin\java.dll
0x73030000 - 0x7305a000 	D:\jdk\jre\bin\jdwp.dll
0x73080000 - 0x73087000 	D:\jdk\jre\bin\npt.dll
0x752f0000 - 0x75303000 	D:\jdk\jre\bin\zip.dll
0x75f30000 - 0x76b7c000 	C:\Windows\syswow64\SHELL32.dll
0x77760000 - 0x778bd000 	C:\Windows\syswow64\ole32.dll
0x76cf0000 - 0x76cfb000 	C:\Windows\syswow64\profapi.dll
0x74480000 - 0x74489000 	D:\jdk\jre\bin\dt_shmem.dll
0x74240000 - 0x74385000 	D:\jdk\jre\bin\awt.dll
0x76bb0000 - 0x76c41000 	C:\Windows\syswow64\OLEAUT32.dll
0x750d0000 - 0x75150000 	C:\Windows\system32\uxtheme.dll
0x75150000 - 0x75163000 	C:\Windows\system32\dwmapi.dll
0x75410000 - 0x75494000 	C:\Windows\WinSxS\x86_microsoft.windows.common-controls_6595b64144ccf1df_5.82.7601.18837_none_ec86b8d6858ec0bc\comctl32.dll
0x73120000 - 0x73159000 	D:\jdk\jre\bin\fontmanager.dll
0x70b90000 - 0x70c58000 	C:\Windows\system32\opengl32.dll
0x730f0000 - 0x73112000 	C:\Windows\system32\GLU32.dll
0x70aa0000 - 0x70b87000 	C:\Windows\system32\DDRAW.dll
0x74840000 - 0x74846000 	C:\Windows\system32\DCIMAN32.dll
0x77200000 - 0x7739d000 	C:\Windows\syswow64\SETUPAPI.dll
0x76d40000 - 0x76d67000 	C:\Windows\syswow64\CFGMGR32.dll
0x75960000 - 0x75972000 	C:\Windows\syswow64\DEVOBJ.dll
0x748e0000 - 0x74aa3000 	C:\Windows\system32\d3d9.dll
0x75170000 - 0x75176000 	C:\Windows\system32\d3d8thk.dll
0x74550000 - 0x74676000 	C:\Windows\system32\aticfx32.dll
0x74f10000 - 0x74f2c000 	C:\Windows\system32\atiu9pag.dll
0x70260000 - 0x7096c000 	C:\Windows\system32\atiumdag.dll
0x6fac0000 - 0x70259000 	C:\Windows\system32\atiumdva.dll
0x750a0000 - 0x750c5000 	C:\Windows\system32\POWRPROF.dll
0x74220000 - 0x74236000 	D:\jdk\jre\bin\net.dll
0x73b20000 - 0x73b5c000 	C:\Windows\system32\mswsock.dll
0x73b00000 - 0x73b06000 	C:\Windows\System32\wship6.dll
0x741d0000 - 0x741df000 	D:\jdk\jre\bin\nio.dll
0x730b0000 - 0x730e2000 	D:\jdk\jre\bin\t2k.dll
0x75c60000 - 0x75ce3000 	C:\Windows\syswow64\CLBCatQ.DLL
0x731d0000 - 0x732c5000 	C:\Windows\system32\propsys.dll
0x73bb0000 - 0x73bd1000 	C:\Windows\system32\ntmarta.dll
0x75980000 - 0x759c5000 	C:\Windows\syswow64\WLDAP32.dll
0x73b60000 - 0x73bac000 	C:\Windows\system32\apphelp.dll
0x6c650000 - 0x6c7e8000 	C:\Windows\system32\NetworkExplorer.dll
0x72740000 - 0x7276f000 	C:\Windows\System32\shdocvw.dll
0x74e90000 - 0x74e9a000 	C:\Windows\system32\slc.dll
0x72780000 - 0x72792000 	C:\Windows\system32\MPR.dll
0x73070000 - 0x73078000 	C:\Windows\System32\drprov.dll
0x71300000 - 0x71329000 	C:\Windows\System32\WINSTA.dll
0x72720000 - 0x72734000 	C:\Windows\System32\ntlanman.dll
0x71d70000 - 0x71d88000 	C:\Windows\System32\davclnt.dll
0x72770000 - 0x72778000 	C:\Windows\System32\DAVHLPR.dll
0x73cd0000 - 0x73cdf000 	C:\Windows\system32\wkscli.dll
0x75340000 - 0x7534b000 	C:\Windows\system32\cscapi.dll
0x73d00000 - 0x73d09000 	C:\Windows\system32\netutils.dll
0x6c1d0000 - 0x6c408000 	C:\Windows\system32\wpdshext.dll
0x71100000 - 0x71291000 	C:\Windows\WinSxS\x86_microsoft.windows.gdiplus_6595b64144ccf1df_1.1.7601.23894_none_5c0be957a009922e\gdiplus.dll
0x6d260000 - 0x6d2e9000 	C:\Windows\system32\PortableDeviceApi.dll
0x75930000 - 0x7595f000 	C:\Windows\syswow64\WINTRUST.dll
0x773a0000 - 0x774c1000 	C:\Windows\syswow64\CRYPT32.dll
0x77750000 - 0x7775c000 	C:\Windows\syswow64\MSASN1.dll
0x71d40000 - 0x71d6b000 	C:\Windows\system32\PortableDeviceTypes.dll
0x70990000 - 0x709cf000 	C:\Windows\system32\audiodev.dll
0x5d9f0000 - 0x5dc57000 	C:\Windows\system32\WMVCore.DLL
0x6d220000 - 0x6d25d000 	C:\Windows\system32\WMASF.DLL
0x74800000 - 0x74831000 	C:\Windows\system32\EhStorShell.dll
0x6d070000 - 0x6d092000 	C:\Windows\system32\EhStorAPI.dll
0x710d0000 - 0x710d9000 	C:\Windows\system32\LINKINFO.dll
0x732d0000 - 0x73401000 	C:\Windows\system32\WindowsCodecs.dll
0x6f6b0000 - 0x6fab6000 	C:\PROGRA~2\MICROS~1\Office14\GROOVEEX.DLL
0x74070000 - 0x74113000 	C:\Windows\WinSxS\x86_microsoft.vc90.crt_1fc8b3b9a1e18e3b_9.0.30729.6161_none_50934f2ebcb7eb57\MSVCR90.dll
0x744c0000 - 0x7454e000 	C:\Windows\WinSxS\x86_microsoft.vc90.crt_1fc8b3b9a1e18e3b_9.0.30729.6161_none_50934f2ebcb7eb57\MSVCP90.dll
0x74850000 - 0x7487b000 	C:\Windows\WinSxS\x86_microsoft.vc90.atl_1fc8b3b9a1e18e3b_9.0.30729.6161_none_51cd0a7abbe4e19b\ATL90.DLL
0x70c60000 - 0x7107a000 	C:\PROGRA~2\COMMON~1\MICROS~1\OFFICE14\Cultures\office.odf
0x6ee30000 - 0x6f6b0000 	C:\PROGRA~2\MICROS~1\Office14\3082\GrooveIntlResource.dll
0x73160000 - 0x731d0000 	C:\Windows\system32\ntshrui.dll
0x73ce0000 - 0x73cf9000 	C:\Windows\system32\srvcli.dll
0x70a30000 - 0x70a3a000 	D:\jdk\jre\bin\management.dll
0x730a0000 - 0x730b0000 	C:\Windows\system32\NLAapi.dll
0x73990000 - 0x739a0000 	C:\Windows\system32\napinsp.dll
0x70a80000 - 0x70a92000 	C:\Windows\system32\pnrpnsp.dll
0x74f40000 - 0x74f84000 	C:\Windows\system32\DNSAPI.dll
0x73090000 - 0x73098000 	C:\Windows\System32\winrnr.dll
0x73b10000 - 0x73b15000 	C:\Windows\System32\wshtcpip.dll
0x73e00000 - 0x73e1c000 	C:\Windows\system32\IPHLPAPI.DLL
0x73df0000 - 0x73df7000 	C:\Windows\system32\WINNSI.DLL
0x74f30000 - 0x74f36000 	C:\Windows\system32\rasadhlp.dll
0x741e0000 - 0x74218000 	C:\Windows\System32\fwpuclnt.dll
0x75200000 - 0x752ee000 	D:\jdk\jre\bin\msvcr120.dll
0x75180000 - 0x751f1000 	D:\jdk\jre\bin\msvcp120.dll
0x75310000 - 0x7532e000 	D:\jdk\jre\bin\prism_d3d.dll
0x74390000 - 0x7447b000 	C:\Windows\system32\dbghelp.dll

VM Arguments:
jvm_args: -ea -agentlib:jdwp=transport=dt_shmem,address=javadebug -Dfile.encoding=UTF-8 
java_command: bluej.runtime.ExecServer UTF-8
java_class_path (initial): D:\Lib\bluejcore.jar;D:\Lib\junit-4.11.jar;D:\Lib\hamcrest-core-1.3.jar;D:\Lib\lang-stride.jar;D:\Lib\userlib\apache-csv.jar;D:\Lib\userlib\courserajava.jar;D:\Lib\userlib\pi4j-core.jar;D:\Lib\userlib\pi4j-device.jar;D:\Lib\userlib\pi4j-gpio-extension.jar;D:\Lib\userlib\pi4j-service.jar
Launcher Type: SUN_STANDARD

Environment Variables:
PATH=C:\Python38\Scripts\;C:\Python38\;D:\Scripts\;D:\;C:\Program Files (x86)\Common Files\Oracle\Java\javapath;C:\ProgramData\Oracle\Java\javapath;C:\Windows\system32;C:\Windows;C:\Windows\System32\Wbem;C:\Windows\System32\WindowsPowerShell\v1.0\;C:\TDM-GCC-64\bin;C:\Users\Usuario\Documents\Gcc\bin;C:\Users\Usuario\AppData\Roaming\npm
USERNAME=Usuario
OS=Windows_NT
PROCESSOR_IDENTIFIER=AMD64 Family 20 Model 2 Stepping 0, AuthenticAMD



---------------  S Y S T E M  ---------------

OS: Windows 7 , 64 bit Build 7601 (6.1.7601.23915)

CPU:total 2 (initial active 2) (2 cores per cpu, 1 threads per core) family 20 model 2 stepping 0, cmov, cx8, fxsr, mmx, sse, sse2, sse3, ssse3, popcnt, mmxext, lzcnt, sse4a, tsc, tscinvbit, tscinv

Memory: 4k page, physical 3780300k(1383920k free), swap 7558740k(4583504k free)

vm_info: Java HotSpot(TM) Client VM (25.144-b01) for windows-x86 JRE (1.8.0_144-b01), built on Jul 21 2017 21:58:05 by "java_re" with MS VC++ 10.0 (VS2010)

time: Fri May 01 18:37:51 2020
elapsed time: 3428 seconds (0d 0h 57m 8s)

